This file contains any messages produced by compilers while
running configure, to aid debugging if configure makes a mistake.

It was created by VM configure vm-8.0.0-devo, which was
generated by GNU Autoconf 2.61.  Invocation command line was

  $ ./configure 

## --------- ##
## Platform. ##
## --------- ##

hostname = scott-taylors-macbook.local
uname -m = i386
uname -r = 9.1.0
uname -s = Darwin
uname -v = Darwin Kernel Version 9.1.0: Wed Oct 31 17:46:22 PDT 2007; root:xnu-1228.0.2~1/RELEASE_I386

/usr/bin/uname -p = i386
/bin/uname -X     = unknown

/bin/arch              = unknown
/usr/bin/arch -k       = unknown
/usr/convex/getsysinfo = unknown
/usr/bin/hostinfo      = Mach kernel version:
	 Darwin Kernel Version 9.1.0: Wed Oct 31 17:46:22 PDT 2007; root:xnu-1228.0.2~1/RELEASE_I386
Kernel configured for up to 2 processors.
2 processors are physically available.
2 processors are logically available.
Processor type: i486 (Intel 80486)
Processors active: 0 1
Primary memory available: 2.00 gigabytes
Default processor set: 48 tasks, 188 threads, 2 processors
Load average: 0.61, Mach factor: 1.53
/bin/machine           = unknown
/usr/bin/oslevel       = unknown
/bin/universe          = unknown

PATH: /Users/smt/bin
PATH: /opt/local/bin
PATH: /usr/bin
PATH: /bin
PATH: /usr/sbin
PATH: /sbin
PATH: /usr/local/bin
PATH: /usr/X11/bin


## ----------- ##
## Core tests. ##
## ----------- ##

configure:1667: checking whether make sets $(MAKE)
configure:1688: result: yes
configure:1741: checking for a BSD-compatible install
configure:1797: result: /usr/bin/install -c
configure:1808: checking whether ln -s works
configure:1812: result: yes
configure:1821: checking for rm
configure:1839: found /bin/rm
configure:1852: result: /bin/rm
configure:1862: checking for ls
configure:1880: found /bin/ls
configure:1893: result: /bin/ls
configure:1903: checking for mkdir
configure:1921: found /bin/mkdir
configure:1934: result: /bin/mkdir
configure:1944: checking for grep
configure:1962: found /usr/bin/grep
configure:1975: result: /usr/bin/grep
configure:1994: checking for emacs
configure:2010: found /usr/bin/emacs
configure:2021: result: emacs
configure:2040: checking checking emacs-type of emacs
configure:2046: result: emacs
configure:2049: checking checking emacs-version of emacs
configure:2060: result: 22.1.1
configure:2070: checking where .elc files should go
configure:2096: result: $(prefix)/share/emacs/site-lisp/vm
configure:2111: checking wich options to pass on to (X)Emacs
configure:2122: result: -batch -q -no-site-file -no-init-file -l $(srcdir)/vm-build.el
configure:2127: checking where the TeXinfo docs should go
configure:2138: result: ${datarootdir}/info
configure:2145: checking for xargs
configure:2161: found /usr/bin/xargs
configure:2172: result: xargs
configure:2190: checking for gtar
configure:2220: result: no
configure:2190: checking for tar
configure:2206: found /usr/bin/tar
configure:2217: result: tar
configure:2229: checking that tar is GNU tar
configure:2236: result: yes
configure:2248: checking for makeinfo
configure:2264: found /usr/bin/makeinfo
configure:2275: result: makeinfo
configure:2291: checking for texi2dvi
configure:2307: found /usr/bin/texi2dvi
configure:2318: result: texi2dvi
configure:2346: checking otherdirs
configure:2364: result: 
configure:2541: creating ./config.status

## ---------------------- ##
## Running config.status. ##
## ---------------------- ##

This file was extended by VM config.status vm-8.0.0-devo, which was
generated by GNU Autoconf 2.61.  Invocation command line was

  CONFIG_FILES    = 
  CONFIG_HEADERS  = 
  CONFIG_LINKS    = 
  CONFIG_COMMANDS = 
  $ ./config.status 

on scott-taylors-macbook.local

config.status:593: creating Makefile
config.status:593: creating lisp/Makefile
config.status:593: creating info/Makefile
config.status:593: creating src/Makefile
config.status:593: creating pixmaps/Makefile

## ---------------- ##
## Cache variables. ##
## ---------------- ##

ac_cv_env_build_alias_set=
ac_cv_env_build_alias_value=
ac_cv_env_host_alias_set=
ac_cv_env_host_alias_value=
ac_cv_env_target_alias_set=
ac_cv_env_target_alias_value=
ac_cv_path_GREP=/usr/bin/grep
ac_cv_path_LS=/bin/ls
ac_cv_path_MKDIR=/bin/mkdir
ac_cv_path_RM=/bin/rm
ac_cv_path_install='/usr/bin/install -c'
ac_cv_prog_EMACS_PROG=emacs
ac_cv_prog_MAKEINFO=makeinfo
ac_cv_prog_TAR=tar
ac_cv_prog_TEXI2DVI=texi2dvi
ac_cv_prog_XARGS=xargs
ac_cv_prog_make_make_set=yes

## ----------------- ##
## Output variables. ##
## ----------------- ##

DEFS='-DPACKAGE_NAME=\"VM\" -DPACKAGE_TARNAME=\"vm\" -DPACKAGE_VERSION=\"vm-8.0.0-devo\" -DPACKAGE_STRING=\"VM\ vm-8.0.0-devo\" -DPACKAGE_BUGREPORT=\"hack@robf.de\"'
ECHO_C='ECHO_N=''
ECHO_T=''
EMACS_FLAVOR='emacs'
EMACS_PROG='emacs'
EMACS_VERSION='22.1.1'
FLAGS='-batch -q -no-site-file -no-init-file -l $(srcdir)/vm-build.el'
GREP='/usr/bin/grep'
INSTALL_DATA='${INSTALL} -m 644'
INSTALL_PROGRAM='${INSTALL}'
INSTALL_SCRIPT='${INSTALL}'
LIBOBJS=''
LIBS=''
LINKPATH=''
LN_S='ln -s'
LS='/bin/ls'
LTLIBOBJS=''
MAKEINFO='makeinfo'
MKDIR='/bin/mkdir'
OTHERDIRS=''
PACKAGEDIR=''
PACKAGE_BUGREPORT='hack@robf.de'
PACKAGE_NAME='VM'
PACKAGE_STRING='VM vm-8.0.0-devo'
PACKAGE_TARNAME='vm'
PACKAGE_VERSION='vm-8.0.0-devo'
PATH_SEPARATOR=':'
RM='/bin/rm'
SET_MAKE=''
SHELL='/bin/sh'
SYMLINKS='no'
TAR='tar'
TEXI2DVI='texi2dvi'
XARGS='xargs'
bindir='${exec_prefix}/bin'
build_alias=''
datadir='$(prefix)/share'
datarootdir='${prefix}/share'
docdir='${datarootdir}/doc/${PACKAGE_TARNAME}'
dvidir='${docdir}'
exec_prefix='${prefix}'
host_alias=''
htmldir='${docdir}'
includedir='${prefix}/include'
info_dir='${datarootdir}/info'
infodir='${datarootdir}/info'
libdir='${exec_prefix}/lib'
libexecdir='${exec_prefix}/libexec'
lispdir='$(prefix)/share/emacs/site-lisp/vm'
localedir='${datarootdir}/locale'
localstatedir='${prefix}/var'
mandir='${datarootdir}/man'
oldincludedir='/usr/include'
otherdirs=''
pdfdir='${docdir}'
prefix='/usr/local'
program_transform_name='s,x,x,'
psdir='${docdir}'
sbindir='${exec_prefix}/sbin'
sharedstatedir='${prefix}/com'
sysconfdir='${prefix}/etc'
target_alias=''

## ----------- ##
## confdefs.h. ##
## ----------- ##

#define PACKAGE_NAME "VM"
#define PACKAGE_TARNAME "vm"
#define PACKAGE_VERSION "vm-8.0.0-devo"
#define PACKAGE_STRING "VM vm-8.0.0-devo"
#define PACKAGE_BUGREPORT "hack@robf.de"

configure: exit 0
